DEB [20160518-17:06:38.467] thr=1   paramiko.transport: starting thread (client mode): 0x9161ad0L
INF [20160518-17:06:38.525] thr=1   paramiko.transport: Connected (version 2.0, client OpenSSH_6.6.1p1)
DEB [20160518-17:06:38.577] thr=1   paramiko.transport: kex algos:[u'curve25519-sha256@libssh.org', u'ecdh-sha2-nistp256', u'ecdh-sha2-nistp384', u'ecdh-sha2-nistp521', u'diffie-hellman-group-exchange-sha256', u'diffie-hellman-group-exchange-sha1', u'diffie-hellman-group14-sha1', u'diffie-hellman-group1-sha1'] server key:[u'ssh-rsa', u'ssh-dss', u'ecdsa-sha2-nistp256'] client encrypt:[u'aes128-ctr', u'aes192-ctr', u'aes256-ctr', u'arcfour256', u'arcfour128', u'aes128-gcm@openssh.com', u'aes256-gcm@openssh.com', u'chacha20-poly1305@openssh.com', u'aes128-cbc', u'3des-cbc', u'blowfish-cbc', u'cast128-cbc', u'aes192-cbc', u'aes256-cbc', u'arcfour', u'rijndael-cbc@lysator.liu.se'] server encrypt:[u'aes128-ctr', u'aes192-ctr', u'aes256-ctr', u'arcfour256', u'arcfour128', u'aes128-gcm@openssh.com', u'aes256-gcm@openssh.com', u'chacha20-poly1305@openssh.com', u'aes128-cbc', u'3des-cbc', u'blowfish-cbc', u'cast128-cbc', u'aes192-cbc', u'aes256-cbc', u'arcfour', u'rijndael-cbc@lysator.liu.se'] client mac:[u'hmac-md5-etm@openssh.com', u'hmac-sha1-etm@openssh.com', u'umac-64-etm@openssh.com', u'umac-128-etm@openssh.com', u'hmac-sha2-256-etm@openssh.com', u'hmac-sha2-512-etm@openssh.com', u'hmac-ripemd160-etm@openssh.com', u'hmac-sha1-96-etm@openssh.com', u'hmac-md5-96-etm@openssh.com', u'hmac-md5', u'hmac-sha1', u'umac-64@openssh.com', u'umac-128@openssh.com', u'hmac-sha2-256', u'hmac-sha2-512', u'hmac-ripemd160', u'hmac-ripemd160@openssh.com', u'hmac-sha1-96', u'hmac-md5-96'] server mac:[u'hmac-md5-etm@openssh.com', u'hmac-sha1-etm@openssh.com', u'umac-64-etm@openssh.com', u'umac-128-etm@openssh.com', u'hmac-sha2-256-etm@openssh.com', u'hmac-sha2-512-etm@openssh.com', u'hmac-ripemd160-etm@openssh.com', u'hmac-sha1-96-etm@openssh.com', u'hmac-md5-96-etm@openssh.com', u'hmac-md5', u'hmac-sha1', u'umac-64@openssh.com', u'umac-128@openssh.com', u'hmac-sha2-256', u'hmac-sha2-512', u'hmac-ripemd160', u'hmac-ripemd160@openssh.com', u'hmac-sha1-96', u'hmac-md5-96'] client compress:[u'none', u'zlib@openssh.com'] server compress:[u'none', u'zlib@openssh.com'] client lang:[u''] server lang:[u''] kex follows?False
DEB [20160518-17:06:38.577] thr=1   paramiko.transport: Ciphers agreed: local=aes128-ctr, remote=aes128-ctr
DEB [20160518-17:06:38.577] thr=1   paramiko.transport: using kex diffie-hellman-group1-sha1; server key type ssh-rsa; cipher: local aes128-ctr, remote aes128-ctr; mac: local hmac-sha1, remote hmac-sha1; compression: local none, remote none
DEB [20160518-17:06:38.715] thr=1   paramiko.transport: Switch to new keys ...
DEB [20160518-17:06:38.724] thr=2   paramiko.transport: Adding ssh-rsa host key for ec2-52-62-254-239.ap-southeast-2.compute.amazonaws.com: 45c970bbce48afb89a587cc0f38ebcc2
DEB [20160518-17:06:38.747] thr=2   paramiko.transport: Trying key f803c2ecdec8a91aed9d45e7e1b6e02f from /Users/Drogon/.ssh/ymac_main.pem
DEB [20160518-17:06:38.824] thr=1   paramiko.transport: userauth is OK
INF [20160518-17:06:38.999] thr=1   paramiko.transport: Authentication (publickey) successful!
DEB [20160518-17:06:39.004] thr=2   paramiko.transport: [chan 1] Max packet in: 34816 bytes
DEB [20160518-17:06:45.860] thr=1   paramiko.transport: [chan 1] Max packet out: 32768 bytes
INF [20160518-17:06:45.860] thr=1   paramiko.transport: Secsh channel 1 opened.
DEB [20160518-17:06:45.961] thr=1   paramiko.transport: [chan 1] Sesch channel 1 request ok
DEB [20160518-17:06:46.013] thr=1   paramiko.transport: [chan 1] Sesch channel 1 request ok
DEB [20160518-17:06:46.270] thr=1   paramiko.transport: [chan 1] EOF received (1)
DEB [20160518-17:06:46.271] thr=1   paramiko.transport: [chan 1] EOF sent (1)
DEB [20160518-17:06:46.487] thr=2   paramiko.transport: [chan 2] Max packet in: 34816 bytes
DEB [20160518-17:06:46.541] thr=1   paramiko.transport: [chan 2] Max packet out: 32768 bytes
INF [20160518-17:06:46.541] thr=1   paramiko.transport: Secsh channel 2 opened.
DEB [20160518-17:06:46.611] thr=1   paramiko.transport: [chan 2] Sesch channel 2 request ok
DEB [20160518-17:06:46.663] thr=1   paramiko.transport: [chan 2] Sesch channel 2 request ok
DEB [20160518-17:06:46.668] thr=1   paramiko.transport: [chan 2] EOF received (2)
DEB [20160518-17:06:46.669] thr=1   paramiko.transport: [chan 2] EOF sent (2)
DEB [20160518-17:06:46.676] thr=2   paramiko.transport: [chan 3] Max packet in: 34816 bytes
DEB [20160518-17:06:46.808] thr=1   paramiko.transport: [chan 3] Max packet out: 32768 bytes
INF [20160518-17:06:46.808] thr=1   paramiko.transport: Secsh channel 3 opened.
DEB [20160518-17:06:46.865] thr=1   paramiko.transport: [chan 3] Sesch channel 3 request ok
DEB [20160518-17:06:46.917] thr=1   paramiko.transport: [chan 3] Sesch channel 3 request ok
DEB [20160518-17:06:46.928] thr=1   paramiko.transport: [chan 3] EOF received (3)
DEB [20160518-17:06:46.928] thr=1   paramiko.transport: [chan 3] EOF sent (3)
DEB [20160518-17:06:46.937] thr=2   paramiko.transport: [chan 4] Max packet in: 34816 bytes
DEB [20160518-17:06:47.068] thr=1   paramiko.transport: [chan 4] Max packet out: 32768 bytes
INF [20160518-17:06:47.068] thr=1   paramiko.transport: Secsh channel 4 opened.
DEB [20160518-17:06:47.125] thr=1   paramiko.transport: [chan 4] Sesch channel 4 request ok
DEB [20160518-17:06:47.177] thr=1   paramiko.transport: [chan 4] Sesch channel 4 request ok
DEB [20160518-17:06:47.396] thr=1   paramiko.transport: [chan 4] EOF received (4)
DEB [20160518-17:06:47.396] thr=1   paramiko.transport: [chan 4] EOF sent (4)
DEB [20160518-17:06:47.416] thr=2   paramiko.transport: [chan 5] Max packet in: 34816 bytes
DEB [20160518-17:06:47.536] thr=1   paramiko.transport: [chan 5] Max packet out: 32768 bytes
INF [20160518-17:06:47.536] thr=1   paramiko.transport: Secsh channel 5 opened.
DEB [20160518-17:06:47.590] thr=1   paramiko.transport: [chan 5] Sesch channel 5 request ok
DEB [20160518-17:06:47.642] thr=1   paramiko.transport: [chan 5] Sesch channel 5 request ok
DEB [20160518-17:06:47.648] thr=1   paramiko.transport: [chan 5] EOF received (5)
DEB [20160518-17:06:47.648] thr=1   paramiko.transport: [chan 5] EOF sent (5)
DEB [20160518-17:06:47.655] thr=2   paramiko.transport: [chan 6] Max packet in: 34816 bytes
DEB [20160518-17:06:47.788] thr=1   paramiko.transport: [chan 6] Max packet out: 32768 bytes
INF [20160518-17:06:47.788] thr=1   paramiko.transport: Secsh channel 6 opened.
DEB [20160518-17:06:47.843] thr=1   paramiko.transport: [chan 6] Sesch channel 6 request ok
DEB [20160518-17:06:47.895] thr=1   paramiko.transport: [chan 6] Sesch channel 6 request ok
DEB [20160518-17:06:47.900] thr=1   paramiko.transport: [chan 6] EOF received (6)
DEB [20160518-17:06:47.900] thr=1   paramiko.transport: [chan 6] EOF sent (6)
DEB [20160518-17:06:47.910] thr=2   paramiko.transport: [chan 7] Max packet in: 34816 bytes
DEB [20160518-17:06:48.039] thr=1   paramiko.transport: [chan 7] Max packet out: 32768 bytes
INF [20160518-17:06:48.039] thr=1   paramiko.transport: Secsh channel 7 opened.
DEB [20160518-17:06:48.105] thr=1   paramiko.transport: [chan 7] Sesch channel 7 request ok
DEB [20160518-17:06:48.158] thr=1   paramiko.transport: [chan 7] Sesch channel 7 request ok
DEB [20160518-17:06:48.162] thr=1   paramiko.transport: [chan 7] EOF received (7)
DEB [20160518-17:06:48.163] thr=1   paramiko.transport: [chan 7] EOF sent (7)
DEB [20160518-17:06:48.172] thr=2   paramiko.transport: [chan 8] Max packet in: 34816 bytes
DEB [20160518-17:06:48.303] thr=1   paramiko.transport: [chan 8] Max packet out: 32768 bytes
INF [20160518-17:06:48.303] thr=1   paramiko.transport: Secsh channel 8 opened.
DEB [20160518-17:06:48.361] thr=1   paramiko.transport: [chan 8] Sesch channel 8 request ok
DEB [20160518-17:06:48.413] thr=1   paramiko.transport: [chan 8] Sesch channel 8 request ok
DEB [20160518-17:06:48.419] thr=1   paramiko.transport: [chan 8] EOF received (8)
DEB [20160518-17:06:48.420] thr=1   paramiko.transport: [chan 8] EOF sent (8)
DEB [20160518-17:06:48.427] thr=2   paramiko.transport: [chan 9] Max packet in: 34816 bytes
DEB [20160518-17:06:48.559] thr=1   paramiko.transport: [chan 9] Max packet out: 32768 bytes
INF [20160518-17:06:48.559] thr=1   paramiko.transport: Secsh channel 9 opened.
DEB [20160518-17:06:48.618] thr=1   paramiko.transport: [chan 9] Sesch channel 9 request ok
DEB [20160518-17:06:48.676] thr=1   paramiko.transport: [chan 9] Sesch channel 9 request ok
DEB [20160518-17:06:48.682] thr=1   paramiko.transport: [chan 9] EOF received (9)
DEB [20160518-17:06:48.682] thr=1   paramiko.transport: [chan 9] EOF sent (9)
DEB [20160518-17:06:48.690] thr=2   paramiko.transport: [chan 10] Max packet in: 34816 bytes
DEB [20160518-17:06:48.828] thr=1   paramiko.transport: [chan 10] Max packet out: 32768 bytes
INF [20160518-17:06:48.828] thr=1   paramiko.transport: Secsh channel 10 opened.
DEB [20160518-17:06:48.913] thr=1   paramiko.transport: [chan 10] Sesch channel 10 request ok
DEB [20160518-17:06:48.965] thr=1   paramiko.transport: [chan 10] Sesch channel 10 request ok
DEB [20160518-17:06:48.971] thr=1   paramiko.transport: [chan 10] EOF received (10)
DEB [20160518-17:06:48.971] thr=1   paramiko.transport: [chan 10] EOF sent (10)
DEB [20160518-17:06:48.978] thr=2   paramiko.transport: [chan 11] Max packet in: 34816 bytes
DEB [20160518-17:06:49.113] thr=1   paramiko.transport: [chan 11] Max packet out: 32768 bytes
INF [20160518-17:06:49.113] thr=1   paramiko.transport: Secsh channel 11 opened.
DEB [20160518-17:06:49.171] thr=1   paramiko.transport: [chan 11] Sesch channel 11 request ok
DEB [20160518-17:06:49.223] thr=1   paramiko.transport: [chan 11] Sesch channel 11 request ok
DEB [20160518-17:06:55.384] thr=1   paramiko.transport: [chan 11] EOF received (11)
DEB [20160518-17:06:55.412] thr=1   paramiko.transport: [chan 11] EOF sent (11)
DEB [20160518-17:06:55.417] thr=2   paramiko.transport: [chan 12] Max packet in: 34816 bytes
DEB [20160518-17:06:55.523] thr=1   paramiko.transport: [chan 12] Max packet out: 32768 bytes
INF [20160518-17:06:55.523] thr=1   paramiko.transport: Secsh channel 12 opened.
DEB [20160518-17:06:55.576] thr=1   paramiko.transport: [chan 12] Sesch channel 12 request ok
DEB [20160518-17:06:55.628] thr=1   paramiko.transport: [chan 12] Sesch channel 12 request ok
DEB [20160518-17:06:55.738] thr=1   paramiko.transport: [chan 12] EOF received (12)
DEB [20160518-17:06:55.739] thr=1   paramiko.transport: [chan 12] EOF sent (12)
DEB [20160518-17:06:55.745] thr=2   paramiko.transport: [chan 13] Max packet in: 34816 bytes
DEB [20160518-17:06:55.880] thr=1   paramiko.transport: [chan 13] Max packet out: 32768 bytes
INF [20160518-17:06:55.880] thr=1   paramiko.transport: Secsh channel 13 opened.
DEB [20160518-17:06:55.937] thr=1   paramiko.transport: [chan 13] Sesch channel 13 request ok
DEB [20160518-17:06:55.989] thr=1   paramiko.transport: [chan 13] Sesch channel 13 request ok
DEB [20160518-17:06:56.103] thr=1   paramiko.transport: [chan 13] EOF received (13)
DEB [20160518-17:06:56.103] thr=1   paramiko.transport: [chan 13] EOF sent (13)
DEB [20160518-17:06:56.114] thr=2   paramiko.transport: [chan 14] Max packet in: 34816 bytes
DEB [20160518-17:06:56.243] thr=1   paramiko.transport: [chan 14] Max packet out: 32768 bytes
INF [20160518-17:06:56.243] thr=1   paramiko.transport: Secsh channel 14 opened.
DEB [20160518-17:06:56.308] thr=1   paramiko.transport: [chan 14] Sesch channel 14 request ok
DEB [20160518-17:06:56.360] thr=1   paramiko.transport: [chan 14] Sesch channel 14 request ok
DEB [20160518-17:06:59.210] thr=1   paramiko.transport: [chan 14] EOF received (14)
DEB [20160518-17:06:59.211] thr=1   paramiko.transport: [chan 14] EOF sent (14)
DEB [20160518-17:06:59.229] thr=2   paramiko.transport: [chan 15] Max packet in: 34816 bytes
DEB [20160518-17:06:59.350] thr=1   paramiko.transport: [chan 15] Max packet out: 32768 bytes
INF [20160518-17:06:59.350] thr=1   paramiko.transport: Secsh channel 15 opened.
DEB [20160518-17:06:59.420] thr=1   paramiko.transport: [chan 15] Sesch channel 15 request ok
DEB [20160518-17:06:59.472] thr=1   paramiko.transport: [chan 15] Sesch channel 15 request ok
DEB [20160518-17:07:01.220] thr=1   paramiko.transport: [chan 15] EOF received (15)
DEB [20160518-17:07:01.221] thr=1   paramiko.transport: [chan 15] EOF sent (15)
DEB [20160518-17:07:01.240] thr=2   paramiko.transport: [chan 16] Max packet in: 34816 bytes
DEB [20160518-17:07:01.362] thr=1   paramiko.transport: [chan 16] Max packet out: 32768 bytes
INF [20160518-17:07:01.362] thr=1   paramiko.transport: Secsh channel 16 opened.
DEB [20160518-17:07:01.491] thr=1   paramiko.transport: [chan 16] Sesch channel 16 request ok
DEB [20160518-17:07:01.544] thr=1   paramiko.transport: [chan 16] Sesch channel 16 request ok
DEB [20160518-17:07:16.580] thr=1   paramiko.transport: [chan 16] EOF received (16)
DEB [20160518-17:07:16.581] thr=1   paramiko.transport: [chan 16] EOF sent (16)
DEB [20160518-17:07:16.588] thr=2   paramiko.transport: [chan 17] Max packet in: 34816 bytes
DEB [20160518-17:07:16.640] thr=1   paramiko.transport: [chan 17] Max packet out: 32768 bytes
INF [20160518-17:07:16.640] thr=1   paramiko.transport: Secsh channel 17 opened.
DEB [20160518-17:07:16.715] thr=1   paramiko.transport: [chan 17] Sesch channel 17 request ok
DEB [20160518-17:07:16.767] thr=1   paramiko.transport: [chan 17] Sesch channel 17 request ok
DEB [20160518-17:07:17.092] thr=1   paramiko.transport: [chan 17] EOF received (17)
DEB [20160518-17:07:17.093] thr=1   paramiko.transport: [chan 17] EOF sent (17)
DEB [20160518-17:07:17.105] thr=2   paramiko.transport: [chan 18] Max packet in: 34816 bytes
DEB [20160518-17:07:17.233] thr=1   paramiko.transport: [chan 18] Max packet out: 32768 bytes
INF [20160518-17:07:17.234] thr=1   paramiko.transport: Secsh channel 18 opened.
DEB [20160518-17:07:17.297] thr=1   paramiko.transport: [chan 18] Sesch channel 18 request ok
DEB [20160518-17:07:17.349] thr=1   paramiko.transport: [chan 18] Sesch channel 18 request ok
DEB [20160518-17:07:18.321] thr=1   paramiko.transport: [chan 18] EOF received (18)
DEB [20160518-17:07:18.321] thr=1   paramiko.transport: [chan 18] EOF sent (18)
DEB [20160518-17:07:18.347] thr=2   paramiko.transport: [chan 19] Max packet in: 34816 bytes
DEB [20160518-17:07:18.461] thr=1   paramiko.transport: [chan 19] Max packet out: 32768 bytes
INF [20160518-17:07:18.461] thr=1   paramiko.transport: Secsh channel 19 opened.
DEB [20160518-17:07:18.524] thr=1   paramiko.transport: [chan 19] Sesch channel 19 request ok
DEB [20160518-17:07:18.576] thr=1   paramiko.transport: [chan 19] Sesch channel 19 request ok
DEB [20160518-17:07:19.633] thr=1   paramiko.transport: [chan 19] EOF received (19)
DEB [20160518-17:07:19.633] thr=1   paramiko.transport: [chan 19] EOF sent (19)
DEB [20160518-17:07:19.645] thr=2   paramiko.transport: [chan 20] Max packet in: 34816 bytes
DEB [20160518-17:07:19.772] thr=1   paramiko.transport: [chan 20] Max packet out: 32768 bytes
INF [20160518-17:07:19.772] thr=1   paramiko.transport: Secsh channel 20 opened.
DEB [20160518-17:07:19.834] thr=1   paramiko.transport: [chan 20] Sesch channel 20 request ok
DEB [20160518-17:07:19.885] thr=1   paramiko.transport: [chan 20] Sesch channel 20 request ok
DEB [20160518-17:07:20.164] thr=1   paramiko.transport: [chan 20] EOF received (20)
DEB [20160518-17:07:20.165] thr=1   paramiko.transport: [chan 20] EOF sent (20)
DEB [20160518-17:07:20.193] thr=2   paramiko.transport: [chan 21] Max packet in: 34816 bytes
DEB [20160518-17:07:20.260] thr=1   paramiko.transport: [chan 21] Max packet out: 32768 bytes
INF [20160518-17:07:20.260] thr=1   paramiko.transport: Secsh channel 21 opened.
DEB [20160518-17:07:20.350] thr=1   paramiko.transport: [chan 21] Sesch channel 21 request ok
DEB [20160518-17:07:20.402] thr=1   paramiko.transport: [chan 21] Sesch channel 21 request ok
DEB [20160518-17:07:22.423] thr=1   paramiko.transport: [chan 21] EOF received (21)
DEB [20160518-17:07:22.423] thr=1   paramiko.transport: [chan 21] EOF sent (21)
DEB [20160518-17:07:22.429] thr=2   paramiko.transport: [chan 22] Max packet in: 34816 bytes
DEB [20160518-17:07:22.605] thr=1   paramiko.transport: [chan 22] Max packet out: 32768 bytes
INF [20160518-17:07:22.606] thr=1   paramiko.transport: Secsh channel 22 opened.
DEB [20160518-17:07:22.695] thr=1   paramiko.transport: [chan 22] Sesch channel 22 request ok
DEB [20160518-17:07:22.799] thr=1   paramiko.transport: [chan 22] Sesch channel 22 request ok
DEB [20160518-17:07:26.047] thr=1   paramiko.transport: [chan 22] EOF received (22)
DEB [20160518-17:07:26.048] thr=1   paramiko.transport: [chan 22] EOF sent (22)
DEB [20160518-17:07:26.078] thr=2   paramiko.transport: [chan 23] Max packet in: 34816 bytes
DEB [20160518-17:07:26.189] thr=1   paramiko.transport: [chan 23] Max packet out: 32768 bytes
INF [20160518-17:07:26.189] thr=1   paramiko.transport: Secsh channel 23 opened.
DEB [20160518-17:07:26.249] thr=1   paramiko.transport: [chan 23] Sesch channel 23 request ok
DEB [20160518-17:07:26.300] thr=1   paramiko.transport: [chan 23] Sesch channel 23 request ok
DEB [20160518-17:07:27.434] thr=1   paramiko.transport: [chan 23] EOF received (23)
DEB [20160518-17:07:27.435] thr=1   paramiko.transport: [chan 23] EOF sent (23)
DEB [20160518-17:07:27.463] thr=2   paramiko.transport: [chan 24] Max packet in: 34816 bytes
DEB [20160518-17:07:27.576] thr=1   paramiko.transport: [chan 24] Max packet out: 32768 bytes
INF [20160518-17:07:27.576] thr=1   paramiko.transport: Secsh channel 24 opened.
DEB [20160518-17:07:27.633] thr=1   paramiko.transport: [chan 24] Sesch channel 24 request ok
DEB [20160518-17:07:27.689] thr=1   paramiko.transport: [chan 24] Sesch channel 24 request ok
DEB [20160518-17:07:28.868] thr=1   paramiko.transport: [chan 24] EOF received (24)
DEB [20160518-17:07:28.869] thr=1   paramiko.transport: [chan 24] EOF sent (24)
DEB [20160518-17:07:28.891] thr=2   paramiko.transport: [chan 25] Max packet in: 34816 bytes
DEB [20160518-17:07:29.021] thr=1   paramiko.transport: [chan 25] Max packet out: 32768 bytes
INF [20160518-17:07:29.022] thr=1   paramiko.transport: Secsh channel 25 opened.
DEB [20160518-17:07:29.086] thr=1   paramiko.transport: [chan 25] Sesch channel 25 request ok
DEB [20160518-17:07:29.140] thr=1   paramiko.transport: [chan 25] Sesch channel 25 request ok
DEB [20160518-17:07:53.342] thr=1   paramiko.transport: [chan 25] EOF received (25)
DEB [20160518-17:07:53.353] thr=1   paramiko.transport: [chan 25] EOF sent (25)
DEB [20160518-17:07:53.356] thr=2   paramiko.transport: [chan 26] Max packet in: 34816 bytes
DEB [20160518-17:07:53.463] thr=1   paramiko.transport: [chan 26] Max packet out: 32768 bytes
INF [20160518-17:07:53.464] thr=1   paramiko.transport: Secsh channel 26 opened.
DEB [20160518-17:07:53.518] thr=1   paramiko.transport: [chan 26] Sesch channel 26 request ok
DEB [20160518-17:07:53.570] thr=1   paramiko.transport: [chan 26] Sesch channel 26 request ok
DEB [20160518-17:07:57.438] thr=1   paramiko.transport: [chan 26] EOF received (26)
DEB [20160518-17:07:57.439] thr=1   paramiko.transport: [chan 26] EOF sent (26)
DEB [20160518-17:07:57.454] thr=2   paramiko.transport: [chan 27] Max packet in: 34816 bytes
DEB [20160518-17:07:57.539] thr=1   paramiko.transport: [chan 27] Max packet out: 32768 bytes
INF [20160518-17:07:57.539] thr=1   paramiko.transport: Secsh channel 27 opened.
DEB [20160518-17:07:57.614] thr=1   paramiko.transport: [chan 27] Sesch channel 27 request ok
DEB [20160518-17:07:57.666] thr=1   paramiko.transport: [chan 27] Sesch channel 27 request ok
DEB [20160518-17:08:00.371] thr=1   paramiko.transport: [chan 27] EOF received (27)
DEB [20160518-17:08:00.387] thr=1   paramiko.transport: [chan 27] EOF sent (27)
DEB [20160518-17:08:00.404] thr=2   paramiko.transport: [chan 28] Max packet in: 34816 bytes
DEB [20160518-17:08:00.528] thr=1   paramiko.transport: [chan 28] Max packet out: 32768 bytes
INF [20160518-17:08:00.529] thr=1   paramiko.transport: Secsh channel 28 opened.
DEB [20160518-17:08:00.594] thr=1   paramiko.transport: [chan 28] Sesch channel 28 request ok
DEB [20160518-17:08:00.646] thr=1   paramiko.transport: [chan 28] Sesch channel 28 request ok
DEB [20160518-17:08:16.483] thr=1   paramiko.transport: [chan 28] EOF received (28)
DEB [20160518-17:08:16.499] thr=1   paramiko.transport: [chan 28] EOF sent (28)
DEB [20160518-17:08:16.510] thr=2   paramiko.transport: [chan 29] Max packet in: 34816 bytes
DEB [20160518-17:08:16.642] thr=1   paramiko.transport: [chan 29] Max packet out: 32768 bytes
INF [20160518-17:08:16.642] thr=1   paramiko.transport: Secsh channel 29 opened.
DEB [20160518-17:08:16.703] thr=1   paramiko.transport: [chan 29] Sesch channel 29 request ok
DEB [20160518-17:08:16.756] thr=1   paramiko.transport: [chan 29] Sesch channel 29 request ok
DEB [20160518-17:08:17.676] thr=1   paramiko.transport: [chan 29] EOF received (29)
DEB [20160518-17:08:17.677] thr=1   paramiko.transport: [chan 29] EOF sent (29)
DEB [20160518-17:08:17.726] thr=2   paramiko.transport: [chan 30] Max packet in: 34816 bytes
DEB [20160518-17:08:17.816] thr=1   paramiko.transport: [chan 30] Max packet out: 32768 bytes
INF [20160518-17:08:17.817] thr=1   paramiko.transport: Secsh channel 30 opened.
DEB [20160518-17:08:17.881] thr=1   paramiko.transport: [chan 30] Sesch channel 30 request ok
DEB [20160518-17:08:17.932] thr=1   paramiko.transport: [chan 30] Sesch channel 30 request ok
DEB [20160518-17:08:17.938] thr=1   paramiko.transport: [chan 30] EOF received (30)
DEB [20160518-17:08:17.938] thr=1   paramiko.transport: [chan 30] EOF sent (30)
DEB [20160518-17:08:17.947] thr=2   paramiko.transport: [chan 31] Max packet in: 34816 bytes
DEB [20160518-17:08:18.076] thr=1   paramiko.transport: [chan 31] Max packet out: 32768 bytes
INF [20160518-17:08:18.077] thr=1   paramiko.transport: Secsh channel 31 opened.
DEB [20160518-17:08:18.140] thr=1   paramiko.transport: [chan 31] Sesch channel 31 request ok
DEB [20160518-17:08:18.196] thr=1   paramiko.transport: [chan 31] Sesch channel 31 request ok
DEB [20160518-17:08:18.206] thr=1   paramiko.transport: [chan 31] EOF received (31)
DEB [20160518-17:08:18.207] thr=1   paramiko.transport: [chan 31] EOF sent (31)
DEB [20160518-17:08:18.215] thr=2   paramiko.transport: [chan 32] Max packet in: 34816 bytes
DEB [20160518-17:08:18.369] thr=1   paramiko.transport: [chan 32] Max packet out: 32768 bytes
INF [20160518-17:08:18.369] thr=1   paramiko.transport: Secsh channel 32 opened.
DEB [20160518-17:08:18.443] thr=1   paramiko.transport: [chan 32] Sesch channel 32 request ok
DEB [20160518-17:08:18.495] thr=1   paramiko.transport: [chan 32] Sesch channel 32 request ok
DEB [20160518-17:08:18.501] thr=1   paramiko.transport: [chan 32] EOF received (32)
DEB [20160518-17:08:18.501] thr=1   paramiko.transport: [chan 32] EOF sent (32)
DEB [20160518-17:08:18.507] thr=2   paramiko.transport: [chan 33] Max packet in: 34816 bytes
DEB [20160518-17:08:18.644] thr=1   paramiko.transport: [chan 33] Max packet out: 32768 bytes
INF [20160518-17:08:18.645] thr=1   paramiko.transport: Secsh channel 33 opened.
DEB [20160518-17:08:18.726] thr=1   paramiko.transport: [chan 33] Sesch channel 33 request ok
DEB [20160518-17:08:18.777] thr=1   paramiko.transport: [chan 33] Sesch channel 33 request ok
DEB [20160518-17:08:18.783] thr=1   paramiko.transport: [chan 33] EOF received (33)
DEB [20160518-17:08:18.783] thr=1   paramiko.transport: [chan 33] EOF sent (33)
DEB [20160518-17:08:18.791] thr=2   paramiko.transport: [chan 34] Max packet in: 34816 bytes
DEB [20160518-17:08:18.923] thr=1   paramiko.transport: [chan 34] Max packet out: 32768 bytes
INF [20160518-17:08:18.924] thr=1   paramiko.transport: Secsh channel 34 opened.
DEB [20160518-17:08:18.982] thr=1   paramiko.transport: [chan 34] Sesch channel 34 request ok
DEB [20160518-17:08:19.033] thr=1   paramiko.transport: [chan 34] Sesch channel 34 request ok
DEB [20160518-17:08:19.054] thr=1   paramiko.transport: [chan 34] EOF received (34)
DEB [20160518-17:08:19.055] thr=1   paramiko.transport: [chan 34] EOF sent (34)
DEB [20160518-17:08:19.070] thr=2   paramiko.transport: [chan 35] Max packet in: 34816 bytes
DEB [20160518-17:08:19.198] thr=1   paramiko.transport: [chan 35] Max packet out: 32768 bytes
INF [20160518-17:08:19.198] thr=1   paramiko.transport: Secsh channel 35 opened.
DEB [20160518-17:08:19.257] thr=1   paramiko.transport: [chan 35] Sesch channel 35 request ok
DEB [20160518-17:08:19.310] thr=1   paramiko.transport: [chan 35] Sesch channel 35 request ok
DEB [20160518-17:08:19.364] thr=1   paramiko.transport: [chan 35] EOF received (35)
DEB [20160518-17:08:19.364] thr=1   paramiko.transport: [chan 35] EOF sent (35)
DEB [20160518-17:08:19.384] thr=2   paramiko.transport: [chan 36] Max packet in: 34816 bytes
DEB [20160518-17:08:19.511] thr=1   paramiko.transport: [chan 36] Max packet out: 32768 bytes
INF [20160518-17:08:19.511] thr=1   paramiko.transport: Secsh channel 36 opened.
DEB [20160518-17:08:19.578] thr=1   paramiko.transport: [chan 36] Sesch channel 36 request ok
DEB [20160518-17:08:19.630] thr=1   paramiko.transport: [chan 36] Sesch channel 36 request ok
DEB [20160518-17:08:19.640] thr=1   paramiko.transport: [chan 36] EOF received (36)
DEB [20160518-17:08:19.641] thr=1   paramiko.transport: [chan 36] EOF sent (36)
DEB [20160518-17:08:19.651] thr=2   paramiko.transport: [chan 37] Max packet in: 34816 bytes
DEB [20160518-17:08:19.783] thr=1   paramiko.transport: [chan 37] Max packet out: 32768 bytes
INF [20160518-17:08:19.783] thr=1   paramiko.transport: Secsh channel 37 opened.
DEB [20160518-17:08:19.841] thr=1   paramiko.transport: [chan 37] Sesch channel 37 request ok
DEB [20160518-17:08:19.893] thr=1   paramiko.transport: [chan 37] Sesch channel 37 request ok
DEB [20160518-17:08:19.903] thr=1   paramiko.transport: [chan 37] EOF received (37)
DEB [20160518-17:08:19.903] thr=1   paramiko.transport: [chan 37] EOF sent (37)
DEB [20160518-17:08:19.913] thr=2   paramiko.transport: [chan 38] Max packet in: 34816 bytes
DEB [20160518-17:08:20.045] thr=1   paramiko.transport: [chan 38] Max packet out: 32768 bytes
INF [20160518-17:08:20.046] thr=1   paramiko.transport: Secsh channel 38 opened.
DEB [20160518-17:08:20.108] thr=1   paramiko.transport: [chan 38] Sesch channel 38 request ok
DEB [20160518-17:08:20.159] thr=1   paramiko.transport: [chan 38] Sesch channel 38 request ok
DEB [20160518-17:08:20.170] thr=1   paramiko.transport: [chan 38] EOF received (38)
DEB [20160518-17:08:20.171] thr=1   paramiko.transport: [chan 38] EOF sent (38)
DEB [20160518-17:08:20.180] thr=2   paramiko.transport: [chan 39] Max packet in: 34816 bytes
DEB [20160518-17:08:20.311] thr=1   paramiko.transport: [chan 39] Max packet out: 32768 bytes
INF [20160518-17:08:20.312] thr=1   paramiko.transport: Secsh channel 39 opened.
DEB [20160518-17:08:20.374] thr=1   paramiko.transport: [chan 39] Sesch channel 39 request ok
DEB [20160518-17:08:20.426] thr=1   paramiko.transport: [chan 39] Sesch channel 39 request ok
DEB [20160518-17:08:20.431] thr=1   paramiko.transport: [chan 39] EOF received (39)
DEB [20160518-17:08:20.432] thr=1   paramiko.transport: [chan 39] EOF sent (39)
DEB [20160518-17:08:20.439] thr=2   paramiko.transport: [chan 40] Max packet in: 34816 bytes
DEB [20160518-17:08:20.572] thr=1   paramiko.transport: [chan 40] Max packet out: 32768 bytes
INF [20160518-17:08:20.572] thr=1   paramiko.transport: Secsh channel 40 opened.
DEB [20160518-17:08:20.633] thr=1   paramiko.transport: [chan 40] Sesch channel 40 request ok
DEB [20160518-17:08:20.683] thr=1   paramiko.transport: [chan 40] Sesch channel 40 request ok
DEB [20160518-17:08:20.694] thr=1   paramiko.transport: [chan 40] EOF received (40)
DEB [20160518-17:08:20.695] thr=1   paramiko.transport: [chan 40] EOF sent (40)
DEB [20160518-17:08:20.706] thr=2   paramiko.transport: [chan 41] Max packet in: 34816 bytes
DEB [20160518-17:08:20.835] thr=1   paramiko.transport: [chan 41] Max packet out: 32768 bytes
INF [20160518-17:08:20.835] thr=1   paramiko.transport: Secsh channel 41 opened.
DEB [20160518-17:08:20.894] thr=1   paramiko.transport: [chan 41] Sesch channel 41 request ok
DEB [20160518-17:08:20.947] thr=1   paramiko.transport: [chan 41] Sesch channel 41 request ok
DEB [20160518-17:08:20.961] thr=1   paramiko.transport: [chan 41] EOF received (41)
DEB [20160518-17:08:20.962] thr=1   paramiko.transport: [chan 41] EOF sent (41)
DEB [20160518-17:08:20.970] thr=2   paramiko.transport: [chan 42] Max packet in: 34816 bytes
DEB [20160518-17:08:21.329] thr=1   paramiko.transport: [chan 42] Max packet out: 32768 bytes
INF [20160518-17:08:21.329] thr=1   paramiko.transport: Secsh channel 42 opened.
DEB [20160518-17:08:21.399] thr=1   paramiko.transport: [chan 42] Sesch channel 42 request ok
DEB [20160518-17:08:21.458] thr=1   paramiko.transport: [chan 42] Sesch channel 42 request ok
DEB [20160518-17:08:21.461] thr=1   paramiko.transport: [chan 42] EOF received (42)
DEB [20160518-17:08:21.461] thr=1   paramiko.transport: [chan 42] EOF sent (42)
DEB [20160518-17:08:21.471] thr=2   paramiko.transport: [chan 43] Max packet in: 34816 bytes
DEB [20160518-17:08:21.751] thr=1   paramiko.transport: [chan 43] Max packet out: 32768 bytes
INF [20160518-17:08:21.751] thr=1   paramiko.transport: Secsh channel 43 opened.
DEB [20160518-17:08:21.833] thr=1   paramiko.transport: [chan 43] Sesch channel 43 request ok
DEB [20160518-17:08:21.885] thr=1   paramiko.transport: [chan 43] Sesch channel 43 request ok
DEB [20160518-17:08:21.896] thr=1   paramiko.transport: [chan 43] EOF received (43)
DEB [20160518-17:08:21.897] thr=1   paramiko.transport: [chan 43] EOF sent (43)
DEB [20160518-17:08:21.905] thr=2   paramiko.transport: [chan 44] Max packet in: 34816 bytes
DEB [20160518-17:08:22.042] thr=1   paramiko.transport: [chan 44] Max packet out: 32768 bytes
INF [20160518-17:08:22.042] thr=1   paramiko.transport: Secsh channel 44 opened.
DEB [20160518-17:08:22.094] thr=1   paramiko.transport: [chan 44] Sesch channel 44 request ok
DEB [20160518-17:08:22.147] thr=1   paramiko.transport: [chan 44] Sesch channel 44 request ok
DEB [20160518-17:08:22.156] thr=1   paramiko.transport: [chan 44] EOF received (44)
DEB [20160518-17:08:22.157] thr=1   paramiko.transport: [chan 44] EOF sent (44)
DEB [20160518-17:08:22.160] thr=2   paramiko.transport: [chan 45] Max packet in: 34816 bytes
DEB [20160518-17:08:22.456] thr=1   paramiko.transport: [chan 45] Max packet out: 32768 bytes
INF [20160518-17:08:22.456] thr=1   paramiko.transport: Secsh channel 45 opened.
DEB [20160518-17:08:22.520] thr=1   paramiko.transport: [chan 45] Sesch channel 45 request ok
DEB [20160518-17:08:22.651] thr=1   paramiko.transport: [chan 45] Sesch channel 45 request ok
DEB [20160518-17:08:22.659] thr=1   paramiko.transport: [chan 45] EOF received (45)
DEB [20160518-17:08:22.660] thr=1   paramiko.transport: [chan 45] EOF sent (45)
DEB [20160518-17:08:22.663] thr=2   paramiko.transport: [chan 46] Max packet in: 34816 bytes
DEB [20160518-17:08:22.859] thr=1   paramiko.transport: [chan 46] Max packet out: 32768 bytes
INF [20160518-17:08:22.859] thr=1   paramiko.transport: Secsh channel 46 opened.
DEB [20160518-17:08:22.917] thr=1   paramiko.transport: [chan 46] Sesch channel 46 request ok
DEB [20160518-17:08:22.969] thr=1   paramiko.transport: [chan 46] Sesch channel 46 request ok
DEB [20160518-17:08:22.976] thr=1   paramiko.transport: [chan 46] EOF received (46)
DEB [20160518-17:08:22.976] thr=1   paramiko.transport: [chan 46] EOF sent (46)
DEB [20160518-17:08:22.982] thr=2   paramiko.transport: [chan 47] Max packet in: 34816 bytes
DEB [20160518-17:08:23.150] thr=1   paramiko.transport: [chan 47] Max packet out: 32768 bytes
INF [20160518-17:08:23.150] thr=1   paramiko.transport: Secsh channel 47 opened.
DEB [20160518-17:08:23.214] thr=1   paramiko.transport: [chan 47] Sesch channel 47 request ok
DEB [20160518-17:08:23.269] thr=1   paramiko.transport: [chan 47] Sesch channel 47 request ok
DEB [20160518-17:08:23.273] thr=1   paramiko.transport: [chan 47] EOF received (47)
DEB [20160518-17:08:23.273] thr=1   paramiko.transport: [chan 47] EOF sent (47)
DEB [20160518-17:08:23.284] thr=2   paramiko.transport: [chan 48] Max packet in: 34816 bytes
DEB [20160518-17:08:23.419] thr=1   paramiko.transport: [chan 48] Max packet out: 32768 bytes
INF [20160518-17:08:23.419] thr=1   paramiko.transport: Secsh channel 48 opened.
DEB [20160518-17:08:23.472] thr=1   paramiko.transport: [chan 48] Sesch channel 48 request ok
DEB [20160518-17:08:23.524] thr=1   paramiko.transport: [chan 48] Sesch channel 48 request ok
DEB [20160518-17:08:23.529] thr=1   paramiko.transport: [chan 48] EOF received (48)
DEB [20160518-17:08:23.529] thr=1   paramiko.transport: [chan 48] EOF sent (48)
DEB [20160518-17:08:23.537] thr=2   paramiko.transport: [chan 49] Max packet in: 34816 bytes
DEB [20160518-17:08:23.673] thr=1   paramiko.transport: [chan 49] Max packet out: 32768 bytes
INF [20160518-17:08:23.673] thr=1   paramiko.transport: Secsh channel 49 opened.
DEB [20160518-17:08:23.728] thr=1   paramiko.transport: [chan 49] Sesch channel 49 request ok
INF [20160518-17:08:23.781] thr=2   paramiko.transport.sftp: [chan 49] Opened sftp connection (server version 3)
DEB [20160518-17:08:23.782] thr=2   paramiko.transport.sftp: [chan 49] normalize('.')
DEB [20160518-17:08:23.833] thr=2   paramiko.transport.sftp: [chan 49] lstat('.ssh/github_rsa.pub')
DEB [20160518-17:08:23.885] thr=2   paramiko.transport.sftp: [chan 49] lstat('.ssh/github_rsa.pub')
DEB [20160518-17:08:23.937] thr=2   paramiko.transport.sftp: [chan 49] open('.ssh/github_rsa.pub', 'wb')
DEB [20160518-17:08:23.987] thr=2   paramiko.transport.sftp: [chan 49] open('.ssh/github_rsa.pub', 'wb') -> 00000000
DEB [20160518-17:08:24.070] thr=2   paramiko.transport.sftp: [chan 49] close(00000000)
DEB [20160518-17:08:24.173] thr=2   paramiko.transport.sftp: [chan 49] stat('.ssh/github_rsa.pub')
INF [20160518-17:08:24.224] thr=2   paramiko.transport.sftp: [chan 49] sftp session closed.
DEB [20160518-17:08:24.224] thr=2   paramiko.transport: [chan 49] EOF sent (49)
DEB [20160518-17:08:24.225] thr=2   paramiko.transport: [chan 50] Max packet in: 34816 bytes
DEB [20160518-17:08:24.275] thr=1   paramiko.transport: [chan 49] EOF received (49)
DEB [20160518-17:08:24.325] thr=1   paramiko.transport: [chan 50] Max packet out: 32768 bytes
INF [20160518-17:08:24.325] thr=1   paramiko.transport: Secsh channel 50 opened.
DEB [20160518-17:08:24.376] thr=1   paramiko.transport: [chan 50] Sesch channel 50 request ok
INF [20160518-17:08:24.427] thr=2   paramiko.transport.sftp: [chan 50] Opened sftp connection (server version 3)
DEB [20160518-17:08:24.427] thr=2   paramiko.transport.sftp: [chan 50] normalize('.')
DEB [20160518-17:08:24.477] thr=2   paramiko.transport.sftp: [chan 50] lstat('.ssh/id_rsa.pub')
DEB [20160518-17:08:24.528] thr=2   paramiko.transport.sftp: [chan 50] lstat('.ssh/id_rsa.pub')
DEB [20160518-17:08:24.580] thr=2   paramiko.transport.sftp: [chan 50] open('.ssh/id_rsa.pub', 'wb')
DEB [20160518-17:08:24.630] thr=2   paramiko.transport.sftp: [chan 50] open('.ssh/id_rsa.pub', 'wb') -> 00000000
DEB [20160518-17:08:24.676] thr=2   paramiko.transport.sftp: [chan 50] close(00000000)
DEB [20160518-17:08:24.777] thr=2   paramiko.transport.sftp: [chan 50] stat('.ssh/id_rsa.pub')
INF [20160518-17:08:24.828] thr=2   paramiko.transport.sftp: [chan 50] sftp session closed.
DEB [20160518-17:08:24.829] thr=2   paramiko.transport: [chan 50] EOF sent (50)
DEB [20160518-17:08:24.829] thr=2   paramiko.transport: [chan 51] Max packet in: 34816 bytes
DEB [20160518-17:08:24.881] thr=1   paramiko.transport: [chan 50] EOF received (50)
DEB [20160518-17:08:24.929] thr=1   paramiko.transport: [chan 51] Max packet out: 32768 bytes
INF [20160518-17:08:24.929] thr=1   paramiko.transport: Secsh channel 51 opened.
DEB [20160518-17:08:24.986] thr=1   paramiko.transport: [chan 51] Sesch channel 51 request ok
INF [20160518-17:08:25.037] thr=2   paramiko.transport.sftp: [chan 51] Opened sftp connection (server version 3)
DEB [20160518-17:08:25.038] thr=2   paramiko.transport.sftp: [chan 51] normalize('.')
DEB [20160518-17:08:25.088] thr=2   paramiko.transport.sftp: [chan 51] lstat('.ssh/mapboy_rsa.pub')
DEB [20160518-17:08:25.140] thr=2   paramiko.transport.sftp: [chan 51] lstat('.ssh/mapboy_rsa.pub')
DEB [20160518-17:08:25.191] thr=2   paramiko.transport.sftp: [chan 51] open('.ssh/mapboy_rsa.pub', 'wb')
DEB [20160518-17:08:25.269] thr=2   paramiko.transport.sftp: [chan 51] open('.ssh/mapboy_rsa.pub', 'wb') -> 00000000
DEB [20160518-17:08:25.314] thr=2   paramiko.transport.sftp: [chan 51] close(00000000)
DEB [20160518-17:08:25.415] thr=2   paramiko.transport.sftp: [chan 51] stat('.ssh/mapboy_rsa.pub')
INF [20160518-17:08:25.468] thr=2   paramiko.transport.sftp: [chan 51] sftp session closed.
DEB [20160518-17:08:25.468] thr=2   paramiko.transport: [chan 51] EOF sent (51)
DEB [20160518-17:08:25.469] thr=2   paramiko.transport: [chan 52] Max packet in: 34816 bytes
DEB [20160518-17:08:25.524] thr=1   paramiko.transport: [chan 51] EOF received (51)
DEB [20160518-17:08:25.574] thr=1   paramiko.transport: [chan 52] Max packet out: 32768 bytes
INF [20160518-17:08:25.575] thr=1   paramiko.transport: Secsh channel 52 opened.
DEB [20160518-17:08:25.628] thr=1   paramiko.transport: [chan 52] Sesch channel 52 request ok
INF [20160518-17:08:25.679] thr=2   paramiko.transport.sftp: [chan 52] Opened sftp connection (server version 3)
DEB [20160518-17:08:25.679] thr=2   paramiko.transport.sftp: [chan 52] normalize('.')
DEB [20160518-17:08:25.729] thr=2   paramiko.transport.sftp: [chan 52] lstat('.ssh/martin_rsa.pub')
DEB [20160518-17:08:25.781] thr=2   paramiko.transport.sftp: [chan 52] lstat('.ssh/martin_rsa.pub')
DEB [20160518-17:08:25.832] thr=2   paramiko.transport.sftp: [chan 52] open('.ssh/martin_rsa.pub', 'wb')
DEB [20160518-17:08:25.883] thr=2   paramiko.transport.sftp: [chan 52] open('.ssh/martin_rsa.pub', 'wb') -> 00000000
DEB [20160518-17:08:25.919] thr=2   paramiko.transport.sftp: [chan 52] close(00000000)
DEB [20160518-17:08:26.021] thr=2   paramiko.transport.sftp: [chan 52] stat('.ssh/martin_rsa.pub')
INF [20160518-17:08:26.073] thr=2   paramiko.transport.sftp: [chan 52] sftp session closed.
DEB [20160518-17:08:26.073] thr=2   paramiko.transport: [chan 52] EOF sent (52)
DEB [20160518-17:08:26.074] thr=2   paramiko.transport: [chan 53] Max packet in: 34816 bytes
DEB [20160518-17:08:26.124] thr=1   paramiko.transport: [chan 52] EOF received (52)
DEB [20160518-17:08:26.175] thr=1   paramiko.transport: [chan 53] Max packet out: 32768 bytes
INF [20160518-17:08:26.176] thr=1   paramiko.transport: Secsh channel 53 opened.
DEB [20160518-17:08:26.227] thr=1   paramiko.transport: [chan 53] Sesch channel 53 request ok
DEB [20160518-17:08:26.279] thr=1   paramiko.transport: [chan 53] Sesch channel 53 request ok
DEB [20160518-17:08:40.864] thr=1   paramiko.transport: [chan 53] EOF received (53)
DEB [20160518-17:08:40.889] thr=1   paramiko.transport: [chan 53] EOF sent (53)
DEB [20160518-17:08:40.892] thr=2   paramiko.transport: [chan 54] Max packet in: 34816 bytes
DEB [20160518-17:08:41.145] thr=1   paramiko.transport: [chan 54] Max packet out: 32768 bytes
INF [20160518-17:08:41.145] thr=1   paramiko.transport: Secsh channel 54 opened.
DEB [20160518-17:08:41.213] thr=1   paramiko.transport: [chan 54] Sesch channel 54 request ok
DEB [20160518-17:08:41.265] thr=1   paramiko.transport: [chan 54] Sesch channel 54 request ok
DEB [20160518-17:10:21.388] thr=1   paramiko.transport: [chan 54] EOF received (54)
DEB [20160518-17:10:21.406] thr=1   paramiko.transport: [chan 54] EOF sent (54)
DEB [20160518-17:10:21.415] thr=2   paramiko.transport: [chan 55] Max packet in: 34816 bytes
DEB [20160518-17:10:21.546] thr=1   paramiko.transport: [chan 55] Max packet out: 32768 bytes
INF [20160518-17:10:21.546] thr=1   paramiko.transport: Secsh channel 55 opened.
DEB [20160518-17:10:21.605] thr=1   paramiko.transport: [chan 55] Sesch channel 55 request ok
INF [20160518-17:10:21.787] thr=2   paramiko.transport.sftp: [chan 55] Opened sftp connection (server version 3)
DEB [20160518-17:10:21.788] thr=2   paramiko.transport.sftp: [chan 55] normalize('.')
DEB [20160518-17:10:21.851] thr=2   paramiko.transport.sftp: [chan 55] lstat('/etc/apache2/sites-enabled/')
DEB [20160518-17:10:21.904] thr=2   paramiko.transport.sftp: [chan 55] lstat('/etc/apache2/sites-enabled/')
DEB [20160518-17:10:21.955] thr=2   paramiko.transport.sftp: [chan 55] open('acfbe7dfaa791f2a8849e50c0713bffb46953236', 'wb')
DEB [20160518-17:10:22.008] thr=2   paramiko.transport.sftp: [chan 55] open('acfbe7dfaa791f2a8849e50c0713bffb46953236', 'wb') -> 00000000
DEB [20160518-17:10:22.009] thr=2   paramiko.transport.sftp: [chan 55] close(00000000)
DEB [20160518-17:10:22.111] thr=2   paramiko.transport.sftp: [chan 55] stat('acfbe7dfaa791f2a8849e50c0713bffb46953236')
DEB [20160518-17:10:22.196] thr=2   paramiko.transport: [chan 56] Max packet in: 34816 bytes
DEB [20160518-17:10:22.263] thr=1   paramiko.transport: [chan 56] Max packet out: 32768 bytes
INF [20160518-17:10:22.263] thr=1   paramiko.transport: Secsh channel 56 opened.
DEB [20160518-17:10:22.322] thr=1   paramiko.transport: [chan 56] Sesch channel 56 request ok
DEB [20160518-17:10:22.380] thr=1   paramiko.transport: [chan 56] Sesch channel 56 request ok
DEB [20160518-17:10:22.386] thr=1   paramiko.transport: [chan 56] EOF received (56)
DEB [20160518-17:10:22.388] thr=1   paramiko.transport: [chan 56] EOF sent (56)
INF [20160518-17:10:22.395] thr=2   paramiko.transport.sftp: [chan 55] sftp session closed.
DEB [20160518-17:10:22.396] thr=2   paramiko.transport: [chan 55] EOF sent (55)
DEB [20160518-17:10:22.397] thr=2   paramiko.transport: [chan 57] Max packet in: 34816 bytes
DEB [20160518-17:10:22.631] thr=1   paramiko.transport: [chan 57] Max packet out: 32768 bytes
INF [20160518-17:10:22.631] thr=1   paramiko.transport: Secsh channel 57 opened.
DEB [20160518-17:10:22.631] thr=1   paramiko.transport: Ignoring message for dead channel 55
DEB [20160518-17:10:22.632] thr=1   paramiko.transport: Ignoring message for dead channel 55
DEB [20160518-17:10:22.687] thr=1   paramiko.transport: [chan 57] Sesch channel 57 request ok
INF [20160518-17:10:22.742] thr=2   paramiko.transport.sftp: [chan 57] Opened sftp connection (server version 3)
DEB [20160518-17:10:22.743] thr=2   paramiko.transport.sftp: [chan 57] normalize('.')
DEB [20160518-17:10:22.818] thr=2   paramiko.transport.sftp: [chan 57] lstat('/tmp/')
DEB [20160518-17:10:22.871] thr=2   paramiko.transport.sftp: [chan 57] lstat('/tmp/')
DEB [20160518-17:10:22.923] thr=2   paramiko.transport.sftp: [chan 57] open('ad2314419a2bb9b9e5d137942f27b7746c266a97', 'wb')
DEB [20160518-17:10:22.976] thr=2   paramiko.transport.sftp: [chan 57] open('ad2314419a2bb9b9e5d137942f27b7746c266a97', 'wb') -> 00000000
DEB [20160518-17:10:22.976] thr=2   paramiko.transport.sftp: [chan 57] close(00000000)
DEB [20160518-17:10:23.085] thr=2   paramiko.transport.sftp: [chan 57] stat('ad2314419a2bb9b9e5d137942f27b7746c266a97')
DEB [20160518-17:10:23.136] thr=2   paramiko.transport: [chan 58] Max packet in: 34816 bytes
DEB [20160518-17:10:23.187] thr=1   paramiko.transport: [chan 58] Max packet out: 32768 bytes
INF [20160518-17:10:23.187] thr=1   paramiko.transport: Secsh channel 58 opened.
DEB [20160518-17:10:23.322] thr=1   paramiko.transport: [chan 58] Sesch channel 58 request ok
DEB [20160518-17:10:23.374] thr=1   paramiko.transport: [chan 58] Sesch channel 58 request ok
DEB [20160518-17:10:23.383] thr=1   paramiko.transport: [chan 58] EOF received (58)
DEB [20160518-17:10:23.385] thr=1   paramiko.transport: [chan 58] EOF sent (58)
INF [20160518-17:10:23.389] thr=2   paramiko.transport.sftp: [chan 57] sftp session closed.
DEB [20160518-17:10:23.389] thr=2   paramiko.transport: [chan 57] EOF sent (57)
DEB [20160518-17:10:23.390] thr=2   paramiko.transport: [chan 59] Max packet in: 34816 bytes
DEB [20160518-17:10:23.549] thr=1   paramiko.transport: [chan 59] Max packet out: 32768 bytes
INF [20160518-17:10:23.549] thr=1   paramiko.transport: Secsh channel 59 opened.
DEB [20160518-17:10:23.550] thr=1   paramiko.transport: Ignoring message for dead channel 57
DEB [20160518-17:10:23.550] thr=1   paramiko.transport: Ignoring message for dead channel 57
DEB [20160518-17:10:23.726] thr=1   paramiko.transport: [chan 59] Sesch channel 59 request ok
DEB [20160518-17:10:23.835] thr=1   paramiko.transport: [chan 59] Sesch channel 59 request ok
DEB [20160518-17:10:23.843] thr=1   paramiko.transport: [chan 59] EOF received (59)
DEB [20160518-17:10:23.843] thr=1   paramiko.transport: [chan 59] EOF sent (59)
DEB [20160518-17:10:23.849] thr=2   paramiko.transport: [chan 60] Max packet in: 34816 bytes
DEB [20160518-17:10:24.000] thr=1   paramiko.transport: [chan 60] Max packet out: 32768 bytes
INF [20160518-17:10:24.000] thr=1   paramiko.transport: Secsh channel 60 opened.
DEB [20160518-17:10:24.074] thr=1   paramiko.transport: [chan 60] Sesch channel 60 request ok
DEB [20160518-17:10:24.126] thr=1   paramiko.transport: [chan 60] Sesch channel 60 request ok
DEB [20160518-17:10:24.173] thr=1   paramiko.transport: [chan 60] EOF received (60)
DEB [20160518-17:10:24.173] thr=1   paramiko.transport: [chan 60] EOF sent (60)
DEB [20160518-17:10:24.201] thr=2   paramiko.transport: [chan 61] Max packet in: 34816 bytes
DEB [20160518-17:10:24.321] thr=1   paramiko.transport: [chan 61] Max packet out: 32768 bytes
INF [20160518-17:10:24.321] thr=1   paramiko.transport: Secsh channel 61 opened.
DEB [20160518-17:10:24.397] thr=1   paramiko.transport: [chan 61] Sesch channel 61 request ok
DEB [20160518-17:10:24.449] thr=1   paramiko.transport: [chan 61] Sesch channel 61 request ok
DEB [20160518-17:10:24.457] thr=1   paramiko.transport: [chan 61] EOF received (61)
DEB [20160518-17:10:24.457] thr=1   paramiko.transport: [chan 61] EOF sent (61)
DEB [20160518-17:10:24.464] thr=2   paramiko.transport: [chan 62] Max packet in: 34816 bytes
DEB [20160518-17:10:24.596] thr=1   paramiko.transport: [chan 62] Max packet out: 32768 bytes
INF [20160518-17:10:24.597] thr=1   paramiko.transport: Secsh channel 62 opened.
DEB [20160518-17:10:24.651] thr=1   paramiko.transport: [chan 62] Sesch channel 62 request ok
DEB [20160518-17:10:24.704] thr=1   paramiko.transport: [chan 62] Sesch channel 62 request ok
DEB [20160518-17:10:24.712] thr=1   paramiko.transport: [chan 62] EOF received (62)
DEB [20160518-17:10:24.713] thr=1   paramiko.transport: [chan 62] EOF sent (62)
DEB [20160518-17:10:24.717] thr=2   paramiko.transport: [chan 63] Max packet in: 34816 bytes
DEB [20160518-17:10:24.853] thr=1   paramiko.transport: [chan 63] Max packet out: 32768 bytes
INF [20160518-17:10:24.853] thr=1   paramiko.transport: Secsh channel 63 opened.
DEB [20160518-17:10:24.909] thr=1   paramiko.transport: [chan 63] Sesch channel 63 request ok
DEB [20160518-17:10:24.960] thr=1   paramiko.transport: [chan 63] Sesch channel 63 request ok
DEB [20160518-17:10:25.007] thr=1   paramiko.transport: [chan 63] EOF received (63)
DEB [20160518-17:10:25.007] thr=1   paramiko.transport: [chan 63] EOF sent (63)
DEB [20160518-17:10:25.033] thr=2   paramiko.transport: [chan 64] Max packet in: 34816 bytes
DEB [20160518-17:10:25.148] thr=1   paramiko.transport: [chan 64] Max packet out: 32768 bytes
INF [20160518-17:10:25.148] thr=1   paramiko.transport: Secsh channel 64 opened.
DEB [20160518-17:10:25.204] thr=1   paramiko.transport: [chan 64] Sesch channel 64 request ok
DEB [20160518-17:10:25.255] thr=1   paramiko.transport: [chan 64] Sesch channel 64 request ok
DEB [20160518-17:10:25.268] thr=1   paramiko.transport: [chan 64] EOF received (64)
DEB [20160518-17:10:25.268] thr=1   paramiko.transport: [chan 64] EOF sent (64)
DEB [20160518-17:10:25.279] thr=2   paramiko.transport: [chan 65] Max packet in: 34816 bytes
DEB [20160518-17:10:25.412] thr=1   paramiko.transport: [chan 65] Max packet out: 32768 bytes
INF [20160518-17:10:25.412] thr=1   paramiko.transport: Secsh channel 65 opened.
DEB [20160518-17:10:25.472] thr=1   paramiko.transport: [chan 65] Sesch channel 65 request ok
DEB [20160518-17:10:25.524] thr=1   paramiko.transport: [chan 65] Sesch channel 65 request ok
DEB [20160518-17:10:25.530] thr=1   paramiko.transport: [chan 65] EOF received (65)
DEB [20160518-17:10:25.530] thr=1   paramiko.transport: [chan 65] EOF sent (65)
DEB [20160518-17:10:25.536] thr=2   paramiko.transport: [chan 66] Max packet in: 34816 bytes
DEB [20160518-17:10:25.668] thr=1   paramiko.transport: [chan 66] Max packet out: 32768 bytes
INF [20160518-17:10:25.668] thr=1   paramiko.transport: Secsh channel 66 opened.
DEB [20160518-17:10:25.728] thr=1   paramiko.transport: [chan 66] Sesch channel 66 request ok
DEB [20160518-17:10:25.780] thr=1   paramiko.transport: [chan 66] Sesch channel 66 request ok
DEB [20160518-17:10:25.789] thr=1   paramiko.transport: [chan 66] EOF received (66)
DEB [20160518-17:10:25.790] thr=1   paramiko.transport: [chan 66] EOF sent (66)
DEB [20160518-17:10:25.798] thr=2   paramiko.transport: [chan 67] Max packet in: 34816 bytes
DEB [20160518-17:10:25.932] thr=1   paramiko.transport: [chan 67] Max packet out: 32768 bytes
INF [20160518-17:10:25.932] thr=1   paramiko.transport: Secsh channel 67 opened.
DEB [20160518-17:10:25.987] thr=1   paramiko.transport: [chan 67] Sesch channel 67 request ok
DEB [20160518-17:10:26.044] thr=1   paramiko.transport: [chan 67] Sesch channel 67 request ok
DEB [20160518-17:10:26.050] thr=1   paramiko.transport: [chan 67] EOF received (67)
DEB [20160518-17:10:26.050] thr=1   paramiko.transport: [chan 67] EOF sent (67)
DEB [20160518-17:10:26.058] thr=2   paramiko.transport: [chan 68] Max packet in: 34816 bytes
DEB [20160518-17:10:26.192] thr=1   paramiko.transport: [chan 68] Max packet out: 32768 bytes
INF [20160518-17:10:26.193] thr=1   paramiko.transport: Secsh channel 68 opened.
DEB [20160518-17:10:26.250] thr=1   paramiko.transport: [chan 68] Sesch channel 68 request ok
DEB [20160518-17:10:26.301] thr=1   paramiko.transport: [chan 68] Sesch channel 68 request ok
DEB [20160518-17:10:26.311] thr=1   paramiko.transport: [chan 68] EOF received (68)
DEB [20160518-17:10:26.312] thr=1   paramiko.transport: [chan 68] EOF sent (68)
DEB [20160518-17:10:26.322] thr=2   paramiko.transport: [chan 69] Max packet in: 34816 bytes
DEB [20160518-17:10:26.452] thr=1   paramiko.transport: [chan 69] Max packet out: 32768 bytes
INF [20160518-17:10:26.474] thr=1   paramiko.transport: Secsh channel 69 opened.
DEB [20160518-17:10:26.546] thr=1   paramiko.transport: [chan 69] Sesch channel 69 request ok
DEB [20160518-17:10:26.599] thr=1   paramiko.transport: [chan 69] Sesch channel 69 request ok
DEB [20160518-17:10:26.608] thr=1   paramiko.transport: [chan 69] EOF received (69)
DEB [20160518-17:10:26.609] thr=1   paramiko.transport: [chan 69] EOF sent (69)
DEB [20160518-17:10:26.620] thr=2   paramiko.transport: [chan 70] Max packet in: 34816 bytes
DEB [20160518-17:10:26.751] thr=1   paramiko.transport: [chan 70] Max packet out: 32768 bytes
INF [20160518-17:10:26.751] thr=1   paramiko.transport: Secsh channel 70 opened.
DEB [20160518-17:10:26.813] thr=1   paramiko.transport: [chan 70] Sesch channel 70 request ok
DEB [20160518-17:10:26.866] thr=1   paramiko.transport: [chan 70] Sesch channel 70 request ok
DEB [20160518-17:10:26.871] thr=1   paramiko.transport: [chan 70] EOF received (70)
DEB [20160518-17:10:26.872] thr=1   paramiko.transport: [chan 70] EOF sent (70)
DEB [20160518-17:10:26.881] thr=2   paramiko.transport: [chan 71] Max packet in: 34816 bytes
DEB [20160518-17:10:27.013] thr=1   paramiko.transport: [chan 71] Max packet out: 32768 bytes
INF [20160518-17:10:27.013] thr=1   paramiko.transport: Secsh channel 71 opened.
DEB [20160518-17:10:27.072] thr=1   paramiko.transport: [chan 71] Sesch channel 71 request ok
DEB [20160518-17:10:27.124] thr=1   paramiko.transport: [chan 71] Sesch channel 71 request ok
DEB [20160518-17:10:27.135] thr=1   paramiko.transport: [chan 71] EOF received (71)
DEB [20160518-17:10:27.135] thr=1   paramiko.transport: [chan 71] EOF sent (71)
DEB [20160518-17:10:27.139] thr=2   paramiko.transport: [chan 72] Max packet in: 34816 bytes
DEB [20160518-17:10:27.277] thr=1   paramiko.transport: [chan 72] Max packet out: 32768 bytes
INF [20160518-17:10:27.278] thr=1   paramiko.transport: Secsh channel 72 opened.
DEB [20160518-17:10:27.366] thr=1   paramiko.transport: [chan 72] Sesch channel 72 request ok
DEB [20160518-17:10:27.418] thr=1   paramiko.transport: [chan 72] Sesch channel 72 request ok
DEB [20160518-17:10:27.438] thr=1   paramiko.transport: [chan 72] EOF received (72)
DEB [20160518-17:10:27.439] thr=1   paramiko.transport: [chan 72] EOF sent (72)
DEB [20160518-17:10:27.457] thr=2   paramiko.transport: [chan 73] Max packet in: 34816 bytes
DEB [20160518-17:10:27.582] thr=1   paramiko.transport: [chan 73] Max packet out: 32768 bytes
INF [20160518-17:10:27.582] thr=1   paramiko.transport: Secsh channel 73 opened.
DEB [20160518-17:10:27.649] thr=1   paramiko.transport: [chan 73] Sesch channel 73 request ok
DEB [20160518-17:10:27.700] thr=1   paramiko.transport: [chan 73] Sesch channel 73 request ok
DEB [20160518-17:10:27.709] thr=1   paramiko.transport: [chan 73] EOF received (73)
DEB [20160518-17:10:27.710] thr=1   paramiko.transport: [chan 73] EOF sent (73)
DEB [20160518-17:10:27.720] thr=2   paramiko.transport: [chan 74] Max packet in: 34816 bytes
DEB [20160518-17:10:27.851] thr=1   paramiko.transport: [chan 74] Max packet out: 32768 bytes
INF [20160518-17:10:27.851] thr=1   paramiko.transport: Secsh channel 74 opened.
DEB [20160518-17:10:27.914] thr=1   paramiko.transport: [chan 74] Sesch channel 74 request ok
DEB [20160518-17:10:27.969] thr=1   paramiko.transport: [chan 74] Sesch channel 74 request ok
DEB [20160518-17:10:27.972] thr=1   paramiko.transport: [chan 74] EOF received (74)
DEB [20160518-17:10:27.973] thr=1   paramiko.transport: [chan 74] EOF sent (74)
DEB [20160518-17:10:27.985] thr=2   paramiko.transport: [chan 75] Max packet in: 34816 bytes
DEB [20160518-17:10:28.111] thr=1   paramiko.transport: [chan 75] Max packet out: 32768 bytes
INF [20160518-17:10:28.111] thr=1   paramiko.transport: Secsh channel 75 opened.
DEB [20160518-17:10:28.176] thr=1   paramiko.transport: [chan 75] Sesch channel 75 request ok
DEB [20160518-17:10:28.228] thr=1   paramiko.transport: [chan 75] Sesch channel 75 request ok
DEB [20160518-17:10:28.238] thr=1   paramiko.transport: [chan 75] EOF received (75)
DEB [20160518-17:10:28.239] thr=1   paramiko.transport: [chan 75] EOF sent (75)
DEB [20160518-17:10:28.246] thr=2   paramiko.transport: [chan 76] Max packet in: 34816 bytes
DEB [20160518-17:10:28.383] thr=1   paramiko.transport: [chan 76] Max packet out: 32768 bytes
INF [20160518-17:10:28.383] thr=1   paramiko.transport: Secsh channel 76 opened.
DEB [20160518-17:10:28.440] thr=1   paramiko.transport: [chan 76] Sesch channel 76 request ok
DEB [20160518-17:10:28.492] thr=1   paramiko.transport: [chan 76] Sesch channel 76 request ok
DEB [20160518-17:10:28.503] thr=1   paramiko.transport: [chan 76] EOF received (76)
DEB [20160518-17:10:28.503] thr=1   paramiko.transport: [chan 76] EOF sent (76)
DEB [20160518-17:10:28.513] thr=2   paramiko.transport: [chan 77] Max packet in: 34816 bytes
DEB [20160518-17:10:28.642] thr=1   paramiko.transport: [chan 77] Max packet out: 32768 bytes
INF [20160518-17:10:28.642] thr=1   paramiko.transport: Secsh channel 77 opened.
DEB [20160518-17:10:28.705] thr=1   paramiko.transport: [chan 77] Sesch channel 77 request ok
DEB [20160518-17:10:28.757] thr=1   paramiko.transport: [chan 77] Sesch channel 77 request ok
DEB [20160518-17:10:28.766] thr=1   paramiko.transport: [chan 77] EOF received (77)
DEB [20160518-17:10:28.767] thr=1   paramiko.transport: [chan 77] EOF sent (77)
DEB [20160518-17:10:28.775] thr=2   paramiko.transport: [chan 78] Max packet in: 34816 bytes
DEB [20160518-17:10:28.910] thr=1   paramiko.transport: [chan 78] Max packet out: 32768 bytes
INF [20160518-17:10:28.910] thr=1   paramiko.transport: Secsh channel 78 opened.
DEB [20160518-17:10:28.995] thr=1   paramiko.transport: [chan 78] Sesch channel 78 request ok
DEB [20160518-17:10:29.046] thr=1   paramiko.transport: [chan 78] Sesch channel 78 request ok
DEB [20160518-17:10:29.057] thr=1   paramiko.transport: [chan 78] EOF received (78)
DEB [20160518-17:10:29.058] thr=1   paramiko.transport: [chan 78] EOF sent (78)
DEB [20160518-17:10:29.066] thr=2   paramiko.transport: [chan 79] Max packet in: 34816 bytes
DEB [20160518-17:10:29.202] thr=1   paramiko.transport: [chan 79] Max packet out: 32768 bytes
INF [20160518-17:10:29.202] thr=1   paramiko.transport: Secsh channel 79 opened.
DEB [20160518-17:10:29.259] thr=1   paramiko.transport: [chan 79] Sesch channel 79 request ok
DEB [20160518-17:10:29.311] thr=1   paramiko.transport: [chan 79] Sesch channel 79 request ok
DEB [20160518-17:10:31.556] thr=1   paramiko.transport: [chan 79] EOF received (79)
DEB [20160518-17:10:31.556] thr=1   paramiko.transport: [chan 79] EOF sent (79)
DEB [20160518-17:10:31.660] thr=1   paramiko.transport: EOF in transport thread
